<?xml version="1.0" encoding="UTF-8"?>
<testsuite xmlns:xsi="http://www.w3.org/2001/XMLSchema-instance" xsi:noNamespaceSchemaLocation="https://maven.apache.org/surefire/maven-surefire-plugin/xsd/surefire-test-report.xsd" version="3.0.2" name="com.migia.tradinghelp.HighLowTest" time="0.078" tests="1" errors="0" skipped="0" failures="0">
  <properties>
[...]
</properties>
  <testcase name="testHigh" classname="com.migia.tradinghelp.HighLowTest" time="0.036">
    <system-out><![CDATA[[6.914267817679121, 653.1987113730193, 469.42429291899055, 490.42986179993386, 164.26578381864775, 499.8094117477517, 625.0633561772003, 276.2356617689984, 98.12111107467048, 829.7559562339424, 296.12014675451525, 135.31490687547577, 333.7677432686789, 628.8701787802569, 169.19882995351787, 690.5744667886057, 606.6533659573638, 274.9267490351406, 854.526273107886, 648.9487164943642]
High and Low
[653.1987113730193, 490.42986179993386, 625.0633561772003, 829.7559562339424, 628.8701787802569, 690.5744667886057, 854.526273107886]
High and Low
[570.1808760604898, 767.2339137286892, 401.5969393574532, 151.29847689377763, 809.7024126729042, 946.5649150293214, 662.3826292852971, 415.8533955328213, 272.09506808056614, 61.686196941071024, 13.290883828210198, 578.3720444424547, 435.0699391242665, 217.59114150001434, 296.93624980340394, 528.4235008609587, 999.4094424381848, 115.3535336558068, 175.4407054192787, 125.9336763749076]
[151.29847689377763, 13.290883828210198, 217.59114150001434, 115.3535336558068]
]]></system-out>
  </testcase>
</testsuite>