<?xml version="1.0" encoding="UTF-8"?>
<testsuite xmlns:xsi="http://www.w3.org/2001/XMLSchema-instance" xsi:noNamespaceSchemaLocation="https://maven.apache.org/surefire/maven-surefire-plugin/xsd/surefire-test-report.xsd" version="3.0.2" name="com.migia.tradinghelp.HighLowTest" time="0.073" tests="1" errors="0" skipped="0" failures="0">
  <properties>
[...]
</properties>
  <testcase name="testHigh" classname="com.migia.tradinghelp.HighLowTest" time="0.035">
    <system-out><![CDATA[[497.62050569782247, 688.026983983357, 475.9915081553708, 538.4537037639851, 560.2502787521497, 60.36499274250939, 494.66112161609453, 208.39657992130046, 247.8914472071987, 394.9984811751366, 203.1878104685748, 732.8733466462073, 36.05322866289906, 741.2888604636406, 45.30785428791506, 917.0440434262737, 228.41235885352506, 462.35098760620616, 976.3183951240915, 333.175652142385]
High and Low
[688.026983983357, 560.2502787521497, 494.66112161609453, 394.9984811751366, 732.8733466462073, 741.2888604636406, 917.0440434262737, 976.3183951240915]
High and Low
[176.59480044006426, 480.84035982428594, 472.8945394852988, 761.321217456321, 143.11516077273257, 512.6729655018247, 86.13058967648458, 642.5206896294663, 949.3212784501405, 796.2967670624294, 304.9760606965811, 421.6866674194944, 111.79629437531491, 902.2984607594874, 36.43714531985187, 336.6144438282592, 328.92142769574775, 341.2967979395497, 331.5689673561477, 220.9042095293019]
[472.8945394852988, 143.11516077273257, 86.13058967648458, 304.9760606965811, 111.79629437531491, 36.43714531985187, 328.92142769574775]
]]></system-out>
  </testcase>
</testsuite>