<?xml version="1.0" encoding="UTF-8"?>
<testsuite xmlns:xsi="http://www.w3.org/2001/XMLSchema-instance" xsi:noNamespaceSchemaLocation="https://maven.apache.org/surefire/maven-surefire-plugin/xsd/surefire-test-report.xsd" version="3.0.2" name="com.migia.tradinghelp.TrendAnalyzerTest" time="0.011" tests="1" errors="0" skipped="0" failures="0">
  <properties>
[...]
</properties>
  <testcase name="testTrend" classname="com.migia.tradinghelp.TrendAnalyzerTest" time="0.002">
    <system-out><![CDATA[Data
[91.78215210924878, 128.8267557103463, 116.55048166122927, 162.49629811112777, 153.19284354198638, 692.8675186581388, 326.1131356305975, 509.4669907979548, 296.04396252143505, 13.985590676059312, 551.5847454253703, 199.49524380360805, 887.6207962152763, 588.9613924157361, 543.2654812112067, 764.3034252010325, 253.6179912816653, 13.925648744357755, 358.5189751207153, 558.7742734843246]
Highs
[128.8267557103463, 162.49629811112777, 692.8675186581388, 509.4669907979548, 551.5847454253703, 887.6207962152763, 764.3034252010325]
16.37389882554295
Is trend
false
]]></system-out>
  </testcase>
</testsuite>